[1/26/2024] [11:52:03 AM] › …  Connecting...
[1/26/2024] [11:52:03 AM] › ✔  Connected
[1/26/2024] [11:52:03 AM] › …  Message publishing...
[1/26/2024] [11:52:03 AM] › ✔  Message published
[1/26/2024] [12:22:03 PM] › …  Connecting...
[1/26/2024] [12:22:03 PM] › ✔  Connected
[1/26/2024] [12:22:03 PM] › …  Message publishing...
[1/26/2024] [12:22:03 PM] › ✔  Message published
[1/26/2024] [12:52:02 PM] › …  Connecting...
[1/26/2024] [12:52:02 PM] › ✔  Connected
[1/26/2024] [12:52:02 PM] › …  Message publishing...
[1/26/2024] [12:52:02 PM] › ✔  Message published
[1/26/2024] [1:22:02 PM] › …  Connecting...
[1/26/2024] [1:22:02 PM] › ✔  Connected
[1/26/2024] [1:22:02 PM] › …  Message publishing...
[1/26/2024] [1:22:02 PM] › ✔  Message published
[1/26/2024] [1:52:03 PM] › …  Connecting...
[1/26/2024] [1:52:03 PM] › ✔  Connected
[1/26/2024] [1:52:03 PM] › …  Message publishing...
[1/26/2024] [1:52:03 PM] › ✔  Message published
[1/26/2024] [2:22:03 PM] › …  Connecting...
[1/26/2024] [2:22:03 PM] › ✔  Connected
[1/26/2024] [2:22:03 PM] › …  Message publishing...
[1/26/2024] [2:22:03 PM] › ✔  Message published
[1/26/2024] [2:52:02 PM] › …  Connecting...
[1/26/2024] [2:52:02 PM] › ✔  Connected
[1/26/2024] [2:52:02 PM] › …  Message publishing...
[1/26/2024] [2:52:02 PM] › ✔  Message published
[1/26/2024] [3:22:02 PM] › …  Connecting...
[1/26/2024] [3:22:02 PM] › ✔  Connected
[1/26/2024] [3:22:02 PM] › …  Message publishing...
[1/26/2024] [3:22:02 PM] › ✔  Message published
[1/26/2024] [3:52:03 PM] › …  Connecting...
[1/26/2024] [3:52:03 PM] › ✔  Connected
[1/26/2024] [3:52:03 PM] › …  Message publishing...
[1/26/2024] [3:52:03 PM] › ✔  Message published
[1/26/2024] [4:22:03 PM] › …  Connecting...
[1/26/2024] [4:22:03 PM] › ✔  Connected
[1/26/2024] [4:22:03 PM] › …  Message publishing...
[1/26/2024] [4:22:03 PM] › ✔  Message published
[1/26/2024] [4:52:02 PM] › …  Connecting...
[1/26/2024] [4:52:02 PM] › ✔  Connected
[1/26/2024] [4:52:02 PM] › …  Message publishing...
[1/26/2024] [4:52:02 PM] › ✔  Message published
[1/26/2024] [5:22:02 PM] › …  Connecting...
[1/26/2024] [5:22:02 PM] › ✔  Connected
[1/26/2024] [5:22:02 PM] › …  Message publishing...
[1/26/2024] [5:22:02 PM] › ✔  Message published
[1/26/2024] [5:52:03 PM] › …  Connecting...
[1/26/2024] [5:52:03 PM] › ✔  Connected
[1/26/2024] [5:52:03 PM] › …  Message publishing...
[1/26/2024] [5:52:03 PM] › ✔  Message published
[1/26/2024] [6:22:03 PM] › …  Connecting...
[1/26/2024] [6:22:03 PM] › ✔  Connected
[1/26/2024] [6:22:03 PM] › …  Message publishing...
[1/26/2024] [6:22:03 PM] › ✔  Message published
[1/26/2024] [6:52:02 PM] › …  Connecting...
[1/26/2024] [6:52:02 PM] › ✔  Connected
[1/26/2024] [6:52:02 PM] › …  Message publishing...
[1/26/2024] [6:52:02 PM] › ✔  Message published
[1/26/2024] [7:22:03 PM] › …  Connecting...
[1/26/2024] [7:22:03 PM] › ✔  Connected
[1/26/2024] [7:22:03 PM] › …  Message publishing...
[1/26/2024] [7:22:03 PM] › ✔  Message published
[1/26/2024] [7:52:03 PM] › …  Connecting...
[1/26/2024] [7:52:03 PM] › ✔  Connected
[1/26/2024] [7:52:03 PM] › …  Message publishing...
[1/26/2024] [7:52:03 PM] › ✔  Message published
[1/26/2024] [8:22:03 PM] › …  Connecting...
[1/26/2024] [8:22:03 PM] › ✔  Connected
[1/26/2024] [8:22:03 PM] › …  Message publishing...
[1/26/2024] [8:22:03 PM] › ✔  Message published
[1/26/2024] [8:52:02 PM] › …  Connecting...
[1/26/2024] [8:52:02 PM] › ✔  Connected
[1/26/2024] [8:52:02 PM] › …  Message publishing...
[1/26/2024] [8:52:02 PM] › ✔  Message published
[1/26/2024] [9:22:03 PM] › …  Connecting...
[1/26/2024] [9:22:03 PM] › ✔  Connected
[1/26/2024] [9:22:03 PM] › …  Message publishing...
[1/26/2024] [9:22:03 PM] › ✔  Message published
[1/26/2024] [9:52:03 PM] › …  Connecting...
[1/26/2024] [9:52:03 PM] › ✔  Connected
[1/26/2024] [9:52:03 PM] › …  Message publishing...
[1/26/2024] [9:52:03 PM] › ✔  Message published
[1/26/2024] [10:22:02 PM] › …  Connecting...
[1/26/2024] [10:22:02 PM] › ✔  Connected
[1/26/2024] [10:22:02 PM] › …  Message publishing...
[1/26/2024] [10:22:02 PM] › ✔  Message published
[1/26/2024] [10:52:02 PM] › …  Connecting...
[1/26/2024] [10:52:02 PM] › ✔  Connected
[1/26/2024] [10:52:02 PM] › …  Message publishing...
[1/26/2024] [10:52:02 PM] › ✔  Message published
[1/26/2024] [11:22:03 PM] › …  Connecting...
[1/26/2024] [11:22:03 PM] › ✔  Connected
[1/26/2024] [11:22:03 PM] › …  Message publishing...
[1/26/2024] [11:22:03 PM] › ✔  Message published
[1/26/2024] [11:52:03 PM] › …  Connecting...
[1/26/2024] [11:52:03 PM] › ✔  Connected
[1/26/2024] [11:52:03 PM] › …  Message publishing...
[1/26/2024] [11:52:03 PM] › ✔  Message published
[1/27/2024] [12:22:02 AM] › …  Connecting...
[1/27/2024] [12:22:02 AM] › ✔  Connected
[1/27/2024] [12:22:02 AM] › …  Message publishing...
[1/27/2024] [12:22:02 AM] › ✔  Message published
[1/27/2024] [12:52:03 AM] › …  Connecting...
[1/27/2024] [12:52:03 AM] › ✔  Connected
[1/27/2024] [12:52:03 AM] › …  Message publishing...
[1/27/2024] [12:52:03 AM] › ✔  Message published
[1/27/2024] [1:22:03 AM] › …  Connecting...
[1/27/2024] [1:22:03 AM] › ✔  Connected
[1/27/2024] [1:22:03 AM] › …  Message publishing...
[1/27/2024] [1:22:03 AM] › ✔  Message published
[1/27/2024] [1:52:02 AM] › …  Connecting...
[1/27/2024] [1:52:02 AM] › ✔  Connected
[1/27/2024] [1:52:02 AM] › …  Message publishing...
[1/27/2024] [1:52:02 AM] › ✔  Message published
[1/27/2024] [2:22:03 AM] › …  Connecting...
[1/27/2024] [2:22:03 AM] › ✔  Connected
[1/27/2024] [2:22:03 AM] › …  Message publishing...
[1/27/2024] [2:22:03 AM] › ✔  Message published
[1/27/2024] [2:52:03 AM] › …  Connecting...
[1/27/2024] [2:52:03 AM] › ✔  Connected
[1/27/2024] [2:52:03 AM] › …  Message publishing...
[1/27/2024] [2:52:03 AM] › ✔  Message published
[1/27/2024] [3:22:02 AM] › …  Connecting...
[1/27/2024] [3:22:02 AM] › ✔  Connected
[1/27/2024] [3:22:02 AM] › …  Message publishing...
[1/27/2024] [3:22:02 AM] › ✔  Message published
[1/27/2024] [3:52:03 AM] › …  Connecting...
[1/27/2024] [3:52:03 AM] › ✔  Connected
[1/27/2024] [3:52:03 AM] › …  Message publishing...
[1/27/2024] [3:52:03 AM] › ✔  Message published
[1/27/2024] [4:22:03 AM] › …  Connecting...
[1/27/2024] [4:22:03 AM] › ✔  Connected
[1/27/2024] [4:22:03 AM] › …  Message publishing...
[1/27/2024] [4:22:03 AM] › ✔  Message published
[1/27/2024] [4:52:02 AM] › …  Connecting...
[1/27/2024] [4:52:02 AM] › ✔  Connected
[1/27/2024] [4:52:02 AM] › …  Message publishing...
[1/27/2024] [4:52:02 AM] › ✔  Message published
[1/27/2024] [5:22:02 AM] › …  Connecting...
[1/27/2024] [5:22:02 AM] › ✔  Connected
[1/27/2024] [5:22:02 AM] › …  Message publishing...
[1/27/2024] [5:22:02 AM] › ✔  Message published
[1/27/2024] [5:52:03 AM] › …  Connecting...
[1/27/2024] [5:52:03 AM] › ✔  Connected
[1/27/2024] [5:52:03 AM] › …  Message publishing...
[1/27/2024] [5:52:03 AM] › ✔  Message published
[1/27/2024] [6:22:02 AM] › …  Connecting...
[1/27/2024] [6:22:02 AM] › ✔  Connected
[1/27/2024] [6:22:02 AM] › …  Message publishing...
[1/27/2024] [6:22:02 AM] › ✔  Message published
[1/27/2024] [6:52:02 AM] › …  Connecting...
[1/27/2024] [6:52:02 AM] › ✔  Connected
[1/27/2024] [6:52:02 AM] › …  Message publishing...
[1/27/2024] [6:52:02 AM] › ✔  Message published
[1/27/2024] [7:22:03 AM] › …  Connecting...
[1/27/2024] [7:22:03 AM] › ✔  Connected
[1/27/2024] [7:22:03 AM] › …  Message publishing...
[1/27/2024] [7:22:03 AM] › ✔  Message published
[1/27/2024] [7:52:03 AM] › …  Connecting...
[1/27/2024] [7:52:03 AM] › ✔  Connected
[1/27/2024] [7:52:03 AM] › …  Message publishing...
[1/27/2024] [7:52:03 AM] › ✔  Message published
[1/27/2024] [8:22:02 AM] › …  Connecting...
[1/27/2024] [8:22:02 AM] › ✔  Connected
[1/27/2024] [8:22:02 AM] › …  Message publishing...
[1/27/2024] [8:22:02 AM] › ✔  Message published
[1/27/2024] [8:52:03 AM] › …  Connecting...
[1/27/2024] [8:52:03 AM] › ✔  Connected
[1/27/2024] [8:52:03 AM] › …  Message publishing...
[1/27/2024] [8:52:03 AM] › ✔  Message published
[1/27/2024] [9:22:03 AM] › …  Connecting...
[1/27/2024] [9:22:03 AM] › ✔  Connected
[1/27/2024] [9:22:03 AM] › …  Message publishing...
[1/27/2024] [9:22:03 AM] › ✔  Message published
[1/27/2024] [9:52:02 AM] › …  Connecting...
[1/27/2024] [9:52:02 AM] › ✔  Connected
[1/27/2024] [9:52:02 AM] › …  Message publishing...
[1/27/2024] [9:52:02 AM] › ✔  Message published
[1/27/2024] [10:22:02 AM] › …  Connecting...
[1/27/2024] [10:22:02 AM] › ✔  Connected
[1/27/2024] [10:22:02 AM] › …  Message publishing...
[1/27/2024] [10:22:02 AM] › ✔  Message published
[1/27/2024] [10:52:03 AM] › …  Connecting...
[1/27/2024] [10:52:03 AM] › ✔  Connected
[1/27/2024] [10:52:03 AM] › …  Message publishing...
[1/27/2024] [10:52:03 AM] › ✔  Message published
[1/27/2024] [11:22:03 AM] › …  Connecting...
[1/27/2024] [11:22:03 AM] › ✔  Connected
[1/27/2024] [11:22:03 AM] › …  Message publishing...
[1/27/2024] [11:22:03 AM] › ✔  Message published
[1/27/2024] [11:52:02 AM] › …  Connecting...
[1/27/2024] [11:52:02 AM] › ✔  Connected
[1/27/2024] [11:52:02 AM] › …  Message publishing...
[1/27/2024] [11:52:02 AM] › ✔  Message published
[1/27/2024] [12:22:03 PM] › …  Connecting...
[1/27/2024] [12:22:03 PM] › ✔  Connected
[1/27/2024] [12:22:03 PM] › …  Message publishing...
[1/27/2024] [12:22:03 PM] › ✔  Message published
[1/27/2024] [12:52:03 PM] › …  Connecting...
[1/27/2024] [12:52:03 PM] › ✔  Connected
[1/27/2024] [12:52:03 PM] › …  Message publishing...
[1/27/2024] [12:52:03 PM] › ✔  Message published
[1/27/2024] [1:22:02 PM] › …  Connecting...
[1/27/2024] [1:22:02 PM] › ✔  Connected
[1/27/2024] [1:22:02 PM] › …  Message publishing...
[1/27/2024] [1:22:02 PM] › ✔  Message published
[1/27/2024] [1:52:02 PM] › …  Connecting...
[1/27/2024] [1:52:02 PM] › ✔  Connected
[1/27/2024] [1:52:02 PM] › …  Message publishing...
[1/27/2024] [1:52:02 PM] › ✔  Message published
[1/27/2024] [2:22:03 PM] › …  Connecting...
[1/27/2024] [2:22:03 PM] › ✔  Connected
[1/27/2024] [2:22:03 PM] › …  Message publishing...
[1/27/2024] [2:22:03 PM] › ✔  Message published
[1/27/2024] [2:52:03 PM] › …  Connecting...
[1/27/2024] [2:52:03 PM] › ✔  Connected
[1/27/2024] [2:52:03 PM] › …  Message publishing...
[1/27/2024] [2:52:03 PM] › ✔  Message published
[1/27/2024] [3:22:02 PM] › …  Connecting...
[1/27/2024] [3:22:02 PM] › ✔  Connected
[1/27/2024] [3:22:02 PM] › …  Message publishing...
[1/27/2024] [3:22:02 PM] › ✔  Message published
[1/27/2024] [3:52:02 PM] › …  Connecting...
[1/27/2024] [3:52:02 PM] › ✔  Connected
[1/27/2024] [3:52:02 PM] › …  Message publishing...
[1/27/2024] [3:52:02 PM] › ✔  Message published
[1/27/2024] [4:22:03 PM] › …  Connecting...
[1/27/2024] [4:22:03 PM] › ✔  Connected
[1/27/2024] [4:22:03 PM] › …  Message publishing...
[1/27/2024] [4:22:03 PM] › ✔  Message published
[1/27/2024] [4:52:03 PM] › …  Connecting...
[1/27/2024] [4:52:03 PM] › ✔  Connected
[1/27/2024] [4:52:03 PM] › …  Message publishing...
[1/27/2024] [4:52:03 PM] › ✔  Message published
[1/27/2024] [5:22:02 PM] › …  Connecting...
[1/27/2024] [5:22:02 PM] › ✔  Connected
[1/27/2024] [5:22:02 PM] › …  Message publishing...
[1/27/2024] [5:22:02 PM] › ✔  Message published
[1/27/2024] [5:52:02 PM] › …  Connecting...
[1/27/2024] [5:52:02 PM] › ✔  Connected
[1/27/2024] [5:52:02 PM] › …  Message publishing...
[1/27/2024] [5:52:02 PM] › ✔  Message published
[1/27/2024] [6:22:03 PM] › …  Connecting...
[1/27/2024] [6:22:03 PM] › ✔  Connected
[1/27/2024] [6:22:03 PM] › …  Message publishing...
[1/27/2024] [6:22:03 PM] › ✔  Message published
[1/27/2024] [6:52:03 PM] › …  Connecting...
[1/27/2024] [6:52:03 PM] › ✔  Connected
[1/27/2024] [6:52:03 PM] › …  Message publishing...
[1/27/2024] [6:52:03 PM] › ✔  Message published
[1/27/2024] [7:22:02 PM] › …  Connecting...
[1/27/2024] [7:22:02 PM] › ✔  Connected
[1/27/2024] [7:22:02 PM] › …  Message publishing...
[1/27/2024] [7:22:02 PM] › ✔  Message published
[1/27/2024] [7:52:02 PM] › …  Connecting...
[1/27/2024] [7:52:02 PM] › ✔  Connected
[1/27/2024] [7:52:02 PM] › …  Message publishing...
[1/27/2024] [7:52:02 PM] › ✔  Message published
[1/27/2024] [8:22:03 PM] › …  Connecting...
[1/27/2024] [8:22:03 PM] › ✔  Connected
[1/27/2024] [8:22:03 PM] › …  Message publishing...
[1/27/2024] [8:22:03 PM] › ✔  Message published
[1/27/2024] [8:52:03 PM] › …  Connecting...
[1/27/2024] [8:52:03 PM] › ✔  Connected
[1/27/2024] [8:52:03 PM] › …  Message publishing...
[1/27/2024] [8:52:03 PM] › ✔  Message published
[1/27/2024] [9:22:02 PM] › …  Connecting...
[1/27/2024] [9:22:02 PM] › ✔  Connected
[1/27/2024] [9:22:02 PM] › …  Message publishing...
[1/27/2024] [9:22:02 PM] › ✔  Message published
[1/27/2024] [9:52:02 PM] › …  Connecting...
[1/27/2024] [9:52:02 PM] › ✔  Connected
[1/27/2024] [9:52:02 PM] › …  Message publishing...
[1/27/2024] [9:52:02 PM] › ✔  Message published
[1/27/2024] [10:22:03 PM] › …  Connecting...
[1/27/2024] [10:22:03 PM] › ✔  Connected
[1/27/2024] [10:22:03 PM] › …  Message publishing...
[1/27/2024] [10:22:03 PM] › ✔  Message published
[1/27/2024] [10:52:03 PM] › …  Connecting...
[1/27/2024] [10:52:03 PM] › ✔  Connected
[1/27/2024] [10:52:03 PM] › …  Message publishing...
[1/27/2024] [10:52:03 PM] › ✔  Message published
[1/27/2024] [11:22:02 PM] › …  Connecting...
[1/27/2024] [11:22:02 PM] › ✔  Connected
[1/27/2024] [11:22:02 PM] › …  Message publishing...
[1/27/2024] [11:22:02 PM] › ✔  Message published
[1/27/2024] [11:52:02 PM] › …  Connecting...
[1/27/2024] [11:52:02 PM] › ✔  Connected
[1/27/2024] [11:52:02 PM] › …  Message publishing...
[1/27/2024] [11:52:02 PM] › ✔  Message published
[1/28/2024] [12:22:03 AM] › …  Connecting...
[1/28/2024] [12:22:03 AM] › ✔  Connected
[1/28/2024] [12:22:03 AM] › …  Message publishing...
[1/28/2024] [12:22:03 AM] › ✔  Message published
[1/28/2024] [12:52:03 AM] › …  Connecting...
[1/28/2024] [12:52:03 AM] › ✔  Connected
[1/28/2024] [12:52:03 AM] › …  Message publishing...
[1/28/2024] [12:52:03 AM] › ✔  Message published
[1/28/2024] [1:22:02 AM] › …  Connecting...
[1/28/2024] [1:22:02 AM] › ✔  Connected
[1/28/2024] [1:22:02 AM] › …  Message publishing...
[1/28/2024] [1:22:02 AM] › ✔  Message published
[1/28/2024] [1:52:03 AM] › …  Connecting...
[1/28/2024] [1:52:03 AM] › ✔  Connected
[1/28/2024] [1:52:03 AM] › …  Message publishing...
[1/28/2024] [1:52:03 AM] › ✔  Message published
[1/28/2024] [2:22:03 AM] › …  Connecting...
[1/28/2024] [2:22:03 AM] › ✔  Connected
[1/28/2024] [2:22:03 AM] › …  Message publishing...
[1/28/2024] [2:22:03 AM] › ✔  Message published
[1/28/2024] [2:52:02 AM] › …  Connecting...
[1/28/2024] [2:52:02 AM] › ✔  Connected
[1/28/2024] [2:52:02 AM] › …  Message publishing...
[1/28/2024] [2:52:02 AM] › ✔  Message published
[1/28/2024] [3:22:02 AM] › …  Connecting...
[1/28/2024] [3:22:02 AM] › ✔  Connected
[1/28/2024] [3:22:02 AM] › …  Message publishing...
[1/28/2024] [3:22:02 AM] › ✔  Message published
[1/28/2024] [3:52:03 AM] › …  Connecting...
[1/28/2024] [3:52:03 AM] › ✔  Connected
[1/28/2024] [3:52:03 AM] › …  Message publishing...
[1/28/2024] [3:52:03 AM] › ✔  Message published
[1/28/2024] [4:22:03 AM] › …  Connecting...
[1/28/2024] [4:22:03 AM] › ✔  Connected
[1/28/2024] [4:22:03 AM] › …  Message publishing...
[1/28/2024] [4:22:03 AM] › ✔  Message published
[1/28/2024] [4:52:02 AM] › …  Connecting...
[1/28/2024] [4:52:02 AM] › ✔  Connected
[1/28/2024] [4:52:02 AM] › …  Message publishing...
[1/28/2024] [4:52:02 AM] › ✔  Message published
[1/28/2024] [5:22:03 AM] › …  Connecting...
[1/28/2024] [5:22:03 AM] › ✔  Connected
[1/28/2024] [5:22:03 AM] › …  Message publishing...
[1/28/2024] [5:22:03 AM] › ✔  Message published
[1/28/2024] [5:52:03 AM] › …  Connecting...
[1/28/2024] [5:52:03 AM] › ✔  Connected
[1/28/2024] [5:52:03 AM] › …  Message publishing...
[1/28/2024] [5:52:03 AM] › ✔  Message published
[1/28/2024] [6:22:02 AM] › …  Connecting...
[1/28/2024] [6:22:02 AM] › ✔  Connected
[1/28/2024] [6:22:02 AM] › …  Message publishing...
[1/28/2024] [6:22:02 AM] › ✔  Message published
[1/28/2024] [6:52:02 AM] › …  Connecting...
[1/28/2024] [6:52:02 AM] › ✔  Connected
[1/28/2024] [6:52:02 AM] › …  Message publishing...
[1/28/2024] [6:52:02 AM] › ✔  Message published
[1/28/2024] [7:22:03 AM] › …  Connecting...
[1/28/2024] [7:22:03 AM] › ✔  Connected
[1/28/2024] [7:22:03 AM] › …  Message publishing...
[1/28/2024] [7:22:03 AM] › ✔  Message published
[1/28/2024] [7:52:03 AM] › …  Connecting...
[1/28/2024] [7:52:03 AM] › ✔  Connected
[1/28/2024] [7:52:03 AM] › …  Message publishing...
[1/28/2024] [7:52:03 AM] › ✔  Message published
[1/28/2024] [8:22:02 AM] › …  Connecting...
[1/28/2024] [8:22:02 AM] › ✔  Connected
[1/28/2024] [8:22:02 AM] › …  Message publishing...
[1/28/2024] [8:22:02 AM] › ✔  Message published
[1/28/2024] [8:52:02 AM] › …  Connecting...
[1/28/2024] [8:52:02 AM] › ✔  Connected
[1/28/2024] [8:52:02 AM] › …  Message publishing...
[1/28/2024] [8:52:02 AM] › ✔  Message published
[1/28/2024] [9:22:03 AM] › …  Connecting...
[1/28/2024] [9:22:03 AM] › ✔  Connected
[1/28/2024] [9:22:03 AM] › …  Message publishing...
[1/28/2024] [9:22:03 AM] › ✔  Message published
[1/28/2024] [9:52:03 AM] › …  Connecting...
[1/28/2024] [9:52:03 AM] › ✔  Connected
[1/28/2024] [9:52:03 AM] › …  Message publishing...
[1/28/2024] [9:52:03 AM] › ✔  Message published
[1/28/2024] [10:22:02 AM] › …  Connecting...
[1/28/2024] [10:22:02 AM] › ✔  Connected
[1/28/2024] [10:22:02 AM] › …  Message publishing...
[1/28/2024] [10:22:02 AM] › ✔  Message published
[1/28/2024] [10:52:03 AM] › …  Connecting...
[1/28/2024] [10:52:03 AM] › ✔  Connected
[1/28/2024] [10:52:03 AM] › …  Message publishing...
[1/28/2024] [10:52:03 AM] › ✔  Message published
[1/28/2024] [11:22:03 AM] › …  Connecting...
[1/28/2024] [11:22:03 AM] › ✔  Connected
[1/28/2024] [11:22:03 AM] › …  Message publishing...
[1/28/2024] [11:22:03 AM] › ✔  Message published
[1/28/2024] [11:52:03 AM] › …  Connecting...
[1/28/2024] [11:52:03 AM] › ✔  Connected
[1/28/2024] [11:52:03 AM] › …  Message publishing...
[1/28/2024] [11:52:03 AM] › ✔  Message published
[1/28/2024] [12:22:02 PM] › …  Connecting...
[1/28/2024] [12:22:02 PM] › ✔  Connected
[1/28/2024] [12:22:02 PM] › …  Message publishing...
[1/28/2024] [12:22:02 PM] › ✔  Message published
[1/28/2024] [12:52:03 PM] › …  Connecting...
[1/28/2024] [12:52:03 PM] › ✔  Connected
[1/28/2024] [12:52:03 PM] › …  Message publishing...
[1/28/2024] [12:52:03 PM] › ✔  Message published
[1/28/2024] [1:22:03 PM] › …  Connecting...
[1/28/2024] [1:22:03 PM] › ✔  Connected
[1/28/2024] [1:22:03 PM] › …  Message publishing...
[1/28/2024] [1:22:03 PM] › ✔  Message published
[1/28/2024] [1:30:02 PM] › …  Connecting...
[1/28/2024] [1:30:02 PM] › ✔  Connected
[1/28/2024] [1:30:02 PM] › …  Message publishing...
[1/28/2024] [1:30:02 PM] › ✔  Message published
[1/28/2024] [1:33:03 PM] › …  Connecting...
[1/28/2024] [1:33:03 PM] › ✔  Connected
[1/28/2024] [1:33:03 PM] › …  Message publishing...
[1/28/2024] [1:33:03 PM] › ✔  Message published
[1/28/2024] [1:36:03 PM] › …  Connecting...
[1/28/2024] [1:36:03 PM] › ✔  Connected
[1/28/2024] [1:36:03 PM] › …  Message publishing...
[1/28/2024] [1:36:03 PM] › ✔  Message published
[1/28/2024] [1:39:02 PM] › …  Connecting...
[1/28/2024] [1:39:02 PM] › ✔  Connected
[1/28/2024] [1:39:02 PM] › …  Message publishing...
[1/28/2024] [1:39:02 PM] › ✔  Message published
[1/28/2024] [1:42:03 PM] › …  Connecting...
[1/28/2024] [1:42:03 PM] › ✔  Connected
[1/28/2024] [1:42:03 PM] › …  Message publishing...
[1/28/2024] [1:42:03 PM] › ✔  Message published
[1/28/2024] [1:45:03 PM] › …  Connecting...
[1/28/2024] [1:45:03 PM] › ✔  Connected
[1/28/2024] [1:45:03 PM] › …  Message publishing...
[1/28/2024] [1:45:03 PM] › ✔  Message published
[1/28/2024] [1:48:02 PM] › …  Connecting...
[1/28/2024] [1:48:02 PM] › ✔  Connected
[1/28/2024] [1:48:02 PM] › …  Message publishing...
[1/28/2024] [1:48:02 PM] › ✔  Message published
[1/28/2024] [1:51:03 PM] › …  Connecting...
[1/28/2024] [1:51:03 PM] › ✔  Connected
[1/28/2024] [1:51:03 PM] › …  Message publishing...
[1/28/2024] [1:51:03 PM] › ✔  Message published
[1/28/2024] [1:54:02 PM] › …  Connecting...
[1/28/2024] [1:54:02 PM] › ✔  Connected
[1/28/2024] [1:54:02 PM] › …  Message publishing...
[1/28/2024] [1:54:02 PM] › ✔  Message published
[1/28/2024] [1:57:03 PM] › …  Connecting...
[1/28/2024] [1:57:03 PM] › ✔  Connected
[1/28/2024] [1:57:03 PM] › …  Message publishing...
[1/28/2024] [1:57:03 PM] › ✔  Message published
[1/28/2024] [2:00:02 PM] › …  Connecting...
[1/28/2024] [2:00:02 PM] › ✔  Connected
[1/28/2024] [2:00:02 PM] › …  Message publishing...
[1/28/2024] [2:00:02 PM] › ✔  Message published
[1/28/2024] [2:03:03 PM] › …  Connecting...
[1/28/2024] [2:03:03 PM] › ✔  Connected
[1/28/2024] [2:03:03 PM] › …  Message publishing...
[1/28/2024] [2:03:03 PM] › ✔  Message published
[1/28/2024] [2:06:02 PM] › …  Connecting...
[1/28/2024] [2:06:02 PM] › ✔  Connected
[1/28/2024] [2:06:02 PM] › …  Message publishing...
[1/28/2024] [2:06:02 PM] › ✔  Message published
[1/28/2024] [2:09:02 PM] › …  Connecting...
[1/28/2024] [2:09:02 PM] › ✔  Connected
[1/28/2024] [2:09:02 PM] › …  Message publishing...
[1/28/2024] [2:09:02 PM] › ✔  Message published
[1/28/2024] [2:12:03 PM] › …  Connecting...
[1/28/2024] [2:12:03 PM] › ✔  Connected
[1/28/2024] [2:12:03 PM] › …  Message publishing...
[1/28/2024] [2:12:03 PM] › ✔  Message published
[1/28/2024] [2:15:02 PM] › …  Connecting...
[1/28/2024] [2:15:02 PM] › ✔  Connected
[1/28/2024] [2:15:02 PM] › …  Message publishing...
[1/28/2024] [2:15:02 PM] › ✔  Message published
[1/28/2024] [2:18:03 PM] › …  Connecting...
[1/28/2024] [2:18:03 PM] › ✔  Connected
[1/28/2024] [2:18:03 PM] › …  Message publishing...
[1/28/2024] [2:18:03 PM] › ✔  Message published
[1/28/2024] [2:21:03 PM] › …  Connecting...
[1/28/2024] [2:21:03 PM] › ✔  Connected
[1/28/2024] [2:21:03 PM] › …  Message publishing...
[1/28/2024] [2:21:03 PM] › ✔  Message published
[1/28/2024] [2:24:02 PM] › …  Connecting...
[1/28/2024] [2:24:02 PM] › ✔  Connected
[1/28/2024] [2:24:02 PM] › …  Message publishing...
[1/28/2024] [2:24:02 PM] › ✔  Message published
[1/28/2024] [2:27:03 PM] › …  Connecting...
[1/28/2024] [2:27:03 PM] › ✔  Connected
[1/28/2024] [2:27:03 PM] › …  Message publishing...
[1/28/2024] [2:27:03 PM] › ✔  Message published
[1/28/2024] [2:30:02 PM] › …  Connecting...
[1/28/2024] [2:30:02 PM] › ✔  Connected
[1/28/2024] [2:30:02 PM] › …  Message publishing...
[1/28/2024] [2:30:02 PM] › ✔  Message published
[1/28/2024] [2:33:03 PM] › …  Connecting...
[1/28/2024] [2:33:03 PM] › ✔  Connected
[1/28/2024] [2:33:03 PM] › …  Message publishing...
[1/28/2024] [2:33:03 PM] › ✔  Message published
[1/28/2024] [2:36:03 PM] › …  Connecting...
[1/28/2024] [2:36:03 PM] › ✔  Connected
[1/28/2024] [2:36:03 PM] › …  Message publishing...
[1/28/2024] [2:36:03 PM] › ✔  Message published
[1/28/2024] [2:39:02 PM] › …  Connecting...
[1/28/2024] [2:39:02 PM] › ✔  Connected
[1/28/2024] [2:39:02 PM] › …  Message publishing...
[1/28/2024] [2:39:02 PM] › ✔  Message published
[1/28/2024] [2:45:03 PM] › …  Connecting...
[1/28/2024] [2:45:03 PM] › ✔  Connected
[1/28/2024] [2:45:03 PM] › …  Message publishing...
[1/28/2024] [2:45:03 PM] › ✔  Message published
[1/28/2024] [2:50:02 PM] › …  Connecting...
[1/28/2024] [2:50:02 PM] › ✔  Connected
[1/28/2024] [2:50:02 PM] › …  Message publishing...
[1/28/2024] [2:50:02 PM] › ✔  Message published
[1/28/2024] [2:55:02 PM] › …  Connecting...
[1/28/2024] [2:55:02 PM] › ✔  Connected
[1/28/2024] [2:55:02 PM] › …  Message publishing...
[1/28/2024] [2:55:02 PM] › ✔  Message published
[1/28/2024] [3:00:03 PM] › …  Connecting...
[1/28/2024] [3:00:03 PM] › ✔  Connected
[1/28/2024] [3:00:03 PM] › …  Message publishing...
[1/28/2024] [3:00:03 PM] › ✔  Message published
[1/28/2024] [3:05:02 PM] › …  Connecting...
[1/28/2024] [3:05:02 PM] › ✔  Connected
[1/28/2024] [3:05:02 PM] › …  Message publishing...
[1/28/2024] [3:05:02 PM] › ✔  Message published
[1/28/2024] [3:10:03 PM] › …  Connecting...
[1/28/2024] [3:10:03 PM] › ✔  Connected
[1/28/2024] [3:10:03 PM] › …  Message publishing...
[1/28/2024] [3:10:03 PM] › ✔  Message published
[1/28/2024] [3:15:02 PM] › …  Connecting...
[1/28/2024] [3:15:02 PM] › ✔  Connected
[1/28/2024] [3:15:02 PM] › …  Message publishing...
[1/28/2024] [3:15:02 PM] › ✔  Message published
[1/28/2024] [3:20:02 PM] › …  Connecting...
[1/28/2024] [3:20:02 PM] › ✔  Connected
[1/28/2024] [3:20:02 PM] › …  Message publishing...
[1/28/2024] [3:20:02 PM] › ✔  Message published
[1/28/2024] [3:25:03 PM] › …  Connecting...
[1/28/2024] [3:25:03 PM] › ✔  Connected
[1/28/2024] [3:25:03 PM] › …  Message publishing...
[1/28/2024] [3:25:03 PM] › ✔  Message published
[1/28/2024] [3:30:02 PM] › …  Connecting...
[1/28/2024] [3:30:02 PM] › ✔  Connected
[1/28/2024] [3:30:02 PM] › …  Message publishing...
[1/28/2024] [3:30:02 PM] › ✔  Message published
